[debug] [2017-07-21T02:16:55.662Z] ----------------------------------------------------------------------
[debug] [2017-07-21T02:16:55.665Z] Command:      /Users/johannbillar/.nvm/versions/node/v6.9.1/bin/node /Users/johannbillar/.nvm/versions/node/v6.9.1/bin/firebase deploy --only hosting
[debug] [2017-07-21T02:16:55.666Z] CLI Version:  3.9.1
[debug] [2017-07-21T02:16:55.666Z] Platform:     darwin
[debug] [2017-07-21T02:16:55.666Z] Node Version: v6.9.1
[debug] [2017-07-21T02:16:55.667Z] Time:         Thu Jul 20 2017 19:16:55 GMT-0700 (PDT)
[debug] [2017-07-21T02:16:55.667Z] ----------------------------------------------------------------------
[debug] 
[debug] [2017-07-21T02:16:55.688Z] > command requires scopes: ["email","openid","https://www.googleapis.com/auth/cloudplatformprojects.readonly","https://www.googleapis.com/auth/firebase","https://www.googleapis.com/auth/cloud-platform"]
[debug] [2017-07-21T02:16:55.688Z] > authorizing via signed-in user
[debug] [2017-07-21T02:16:55.691Z] > refreshing access token with scopes: ["email","https://www.googleapis.com/auth/cloud-platform","https://www.googleapis.com/auth/cloudplatformprojects.readonly","https://www.googleapis.com/auth/firebase","openid"]
[debug] [2017-07-21T02:16:55.691Z] >>> HTTP REQUEST POST https://www.googleapis.com/oauth2/v3/token { refresh_token: '1/pAwwQ06CKN2rIb2ywbj0Wa2EMk1YTs3YV6M79h6GHY-TOmvet4kQT638P2XRYLqR',
  client_id: '563584335869-fgrhgmd47bqnekij5i8b5pr03ho849e6.apps.googleusercontent.com',
  client_secret: 'j9iVZfS8kkCEFUPaAeJV0sAi',
  grant_type: 'refresh_token',
  scope: 'email https://www.googleapis.com/auth/cloud-platform https://www.googleapis.com/auth/cloudplatformprojects.readonly https://www.googleapis.com/auth/firebase openid' } 
 Thu Jul 20 2017 19:16:55 GMT-0700 (PDT)
[debug] [2017-07-21T02:16:56.116Z] <<< HTTP RESPONSE 200
[debug] [2017-07-21T02:16:56.127Z] >>> HTTP REQUEST GET https://admin.firebase.com/v1/projects/dowhop-me  
 Thu Jul 20 2017 19:16:56 GMT-0700 (PDT)
[debug] [2017-07-21T02:16:57.911Z] <<< HTTP RESPONSE 200
[debug] [2017-07-21T02:16:57.912Z] >>> HTTP REQUEST GET https://admin.firebase.com/v1/database/dowhop-me/tokens  
 Thu Jul 20 2017 19:16:57 GMT-0700 (PDT)
[debug] [2017-07-21T02:16:58.523Z] <<< HTTP RESPONSE 200
[info] 
[info] === Deploying to 'dowhop-me'...
[info] 
[info] i  deploying hosting
[info] i  hosting: preparing / directory for upload...
[debug] [2017-07-21T02:17:54.039Z] >>> HTTP REQUEST PUT https://deploy.firebase.com/v1/hosting/dowhop-me/uploads/-KpXvkrLzcC0UCFynMoJ?fileCount=25199&message=  
 Thu Jul 20 2017 19:17:54 GMT-0700 (PDT)
